<?xml version="1.0" encoding="UTF-8"?>
<!-- Generated by org.testng.reporters.JUnitReportReporter -->
<testsuite skipped="0" hostname="LAPTOP-5RVADTCV" name="com.aa.test.testFlightStatus" tests="3" failures="0" timestamp="2020-08-06T16:26:56 CDT" time="20.667" errors="0">
  <testcase name="verifyHeadingOnFlightStatusPage" time="6.727" classname="com.aa.test.testFlightStatus"/>
  <testcase name="verifyHeadingOnFlightStatusPage" time="7.320" classname="com.aa.test.testFlightStatus"/>
  <testcase name="verifyHeadingOnFlightStatusPage" time="6.620" classname="com.aa.test.testFlightStatus"/>
</testsuite> <!-- com.aa.test.testFlightStatus -->
